F:\SECOND YEAR\C\MASTERMINDPROJECT\MASTERMINDPROJECT\DEBUG\VC110.PDB
F:\SECOND YEAR\C\MASTERMINDPROJECT\MASTERMINDPROJECT\DEBUG\MASTERMIND.OBJ
F:\SECOND YEAR\C\MASTERMINDPROJECT\DEBUG\MASTERMINDPROJECT.ILK
F:\SECOND YEAR\C\MASTERMINDPROJECT\DEBUG\MASTERMINDPROJECT.EXE
F:\SECOND YEAR\C\MASTERMINDPROJECT\DEBUG\MASTERMINDPROJECT.PDB
F:\Second Year\C\MastermindProject\MastermindProject\Debug\Mastermind.obj
F:\Second Year\C\MastermindProject\MastermindProject\Debug\CL.read.1.tlog
F:\Second Year\C\MastermindProject\MastermindProject\Debug\CL.write.1.tlog
F:\Second Year\C\MastermindProject\MastermindProject\Debug\cl.command.1.tlog
F:\Second Year\C\MastermindProject\MastermindProject\Debug\link.4880-rc.read.1.tlog
F:\Second Year\C\MastermindProject\MastermindProject\Debug\link-rc.read.1.tlog
F:\Second Year\C\MastermindProject\MastermindProject\Debug\link-rc.write.1.tlog
F:\Second Year\C\MastermindProject\MastermindProject\Debug\link-cvtres.read.1.tlog
F:\Second Year\C\MastermindProject\MastermindProject\Debug\link-cvtres.write.1.tlog
F:\Second Year\C\MastermindProject\MastermindProject\Debug\link.read.1.tlog
F:\Second Year\C\MastermindProject\MastermindProject\Debug\link.write.1.tlog
F:\Second Year\C\MastermindProject\MastermindProject\Debug\link.command.1.tlog
F:\Second Year\C\MastermindProject\MastermindProject\Debug\link.4880-rc.write.1.tlog
F:\Second Year\C\MastermindProject\MastermindProject\Debug\link.4880-cvtres.read.1.tlog
F:\Second Year\C\MastermindProject\MastermindProject\Debug\link.4880-cvtres.write.1.tlog
F:\Second Year\C\MastermindProject\MastermindProject\Debug\link.4880.read.1.tlog
F:\Second Year\C\MastermindProject\MastermindProject\Debug\link.4880.write.1.tlog
F:\Second Year\C\MastermindProject\MastermindProject\Debug\link.3256-rc.read.1.tlog
F:\Second Year\C\MastermindProject\MastermindProject\Debug\link.3256-rc.write.1.tlog
F:\Second Year\C\MastermindProject\MastermindProject\Debug\link.3256-cvtres.read.1.tlog
F:\Second Year\C\MastermindProject\MastermindProject\Debug\link.3256-cvtres.write.1.tlog
F:\Second Year\C\MastermindProject\MastermindProject\Debug\link.3256.read.1.tlog
F:\Second Year\C\MastermindProject\MastermindProject\Debug\link.3256.write.1.tlog
F:\Second Year\C\MastermindProject\MastermindProject\Debug\link.1132-rc.read.1.tlog
F:\Second Year\C\MastermindProject\MastermindProject\Debug\link.1132-rc.write.1.tlog
F:\Second Year\C\MastermindProject\MastermindProject\Debug\link.1132-cvtres.read.1.tlog
F:\Second Year\C\MastermindProject\MastermindProject\Debug\link.1132-cvtres.write.1.tlog
F:\Second Year\C\MastermindProject\MastermindProject\Debug\link.1132.read.1.tlog
F:\Second Year\C\MastermindProject\MastermindProject\Debug\link.1132.write.1.tlog
F:\Second Year\C\MastermindProject\MastermindProject\Debug\link.5492-rc.read.1.tlog
F:\Second Year\C\MastermindProject\MastermindProject\Debug\link.5492-rc.write.1.tlog
F:\Second Year\C\MastermindProject\MastermindProject\Debug\link.5492-cvtres.read.1.tlog
F:\Second Year\C\MastermindProject\MastermindProject\Debug\link.5492-cvtres.write.1.tlog
F:\Second Year\C\MastermindProject\MastermindProject\Debug\link.5492.read.1.tlog
F:\Second Year\C\MastermindProject\MastermindProject\Debug\link.5492.write.1.tlog
F:\Second Year\C\MastermindProject\MastermindProject\Debug\link.3620-rc.read.1.tlog
F:\Second Year\C\MastermindProject\MastermindProject\Debug\link.3620-rc.write.1.tlog
F:\Second Year\C\MastermindProject\MastermindProject\Debug\link.3620-cvtres.read.1.tlog
F:\Second Year\C\MastermindProject\MastermindProject\Debug\link.3620-cvtres.write.1.tlog
F:\Second Year\C\MastermindProject\MastermindProject\Debug\link.3620.read.1.tlog
F:\Second Year\C\MastermindProject\MastermindProject\Debug\link.3620.write.1.tlog
F:\Second Year\C\MastermindProject\MastermindProject\Debug\link.5404-rc.read.1.tlog
F:\Second Year\C\MastermindProject\MastermindProject\Debug\link.5404-rc.write.1.tlog
F:\Second Year\C\MastermindProject\MastermindProject\Debug\link.5404-cvtres.read.1.tlog
F:\Second Year\C\MastermindProject\MastermindProject\Debug\link.5404-cvtres.write.1.tlog
F:\Second Year\C\MastermindProject\MastermindProject\Debug\link.5404.read.1.tlog
F:\Second Year\C\MastermindProject\MastermindProject\Debug\link.5404.write.1.tlog
F:\Second Year\C\MastermindProject\MastermindProject\Debug\link.7064-rc.read.1.tlog
F:\Second Year\C\MastermindProject\MastermindProject\Debug\link.7064-rc.write.1.tlog
F:\Second Year\C\MastermindProject\MastermindProject\Debug\link.7064-cvtres.read.1.tlog
F:\Second Year\C\MastermindProject\MastermindProject\Debug\link.7064-cvtres.write.1.tlog
F:\Second Year\C\MastermindProject\MastermindProject\Debug\link.7064.read.1.tlog
F:\Second Year\C\MastermindProject\MastermindProject\Debug\link.7064.write.1.tlog
F:\Second Year\C\MastermindProject\MastermindProject\Debug\vc110.idb
F:\Second Year\C\MastermindProject\MastermindProject\Debug\vc110.pdb
F:\Second Year\C\MastermindProject\Debug\MastermindProject.pdb
F:\Second Year\C\MastermindProject\Debug\MastermindProject.exe
F:\Second Year\C\MastermindProject\Debug\MastermindProject.ilk
